#
# There is insufficient memory for the Java Runtime Environment to continue.
# Native memory allocation (malloc) failed to allocate 1048576 bytes for AllocateHeap
# Possible reasons:
#   The system is out of physical RAM or swap space
#   The process is running with CompressedOops enabled, and the Java Heap may be blocking the growth of the native heap
# Possible solutions:
#   Reduce memory load on the system
#   Increase physical memory or swap space
#   Check if swap backing store is full
#   Decrease Java heap size (-Xmx/-Xms)
#   Decrease number of Java threads
#   Decrease Java thread stack sizes (-Xss)
#   Set larger code cache with -XX:ReservedCodeCacheSize=
# This output file may be truncated or incomplete.
#
#  Out of Memory Error (./open/src/hotspot/share/memory/allocation.cpp:46), pid=21184, tid=10036
#
# JRE version:  (11.0.15.1+2) (build )
# Java VM: Java HotSpot(TM) 64-Bit Server VM (11.0.15.1+2-LTS-10, mixed mode, sharing, tiered, compressed oops, g1 gc, windows-amd64)
# No core dump will be written. Minidumps are not enabled by default on client versions of Windows
#

---------------  S U M M A R Y ------------

Command Line: -Dfile.encoding=Cp1252 com.rays.test.TestPerson

Host: Intel(R) Core(TM) i5-9300H CPU @ 2.40GHz, 8 cores, 7G,  Windows 11 , 64 bit Build 26100 (10.0.26100.7705)
Time: Mon Feb  2 17:35:44 2026 India Standard Time elapsed time: 1.020957 seconds (0d 0h 0m 1s)

---------------  T H R E A D  ---------------

Current thread (0x000001af1e866000):  JavaThread "Unknown thread" [_thread_in_vm, id=10036, stack(0x000000acf0800000,0x000000acf0900000)]

Stack: [0x000000acf0800000,0x000000acf0900000]
Native frames: (J=compiled Java code, j=interpreted, Vv=VM code, C=native code)
V  [jvm.dll+0x629d8a]
V  [jvm.dll+0x7638ff]
V  [jvm.dll+0x764fa9]
V  [jvm.dll+0x765633]
V  [jvm.dll+0x23d9c8]
V  [jvm.dll+0xb1494]
V  [jvm.dll+0x2d6cd2]
V  [jvm.dll+0x2d0f29]
V  [jvm.dll+0x73df07]
V  [jvm.dll+0x73f79f]
V  [jvm.dll+0x346ab9]
V  [jvm.dll+0x723810]
V  [jvm.dll+0x3b56cf]
V  [jvm.dll+0x3b77e1]
C  [jli.dll+0x5207]
C  [ucrtbase.dll+0x37b0]
C  [KERNEL32.DLL+0x2e8d7]
C  [ntdll.dll+0x8c40c]


---------------  P R O C E S S  ---------------

Threads class SMR info:
_java_thread_list=0x000001af1e3b7af0, length=0, elements={
}

Java Threads: ( => current thread )

Other Threads:
  0x000001af1e87c800 GCTaskThread "GC Thread#0" [stack: 0x000000acf0900000,0x000000acf0a00000] [id=7316]

[error occurred during error reporting (printing all threads), id 0xc0000005, EXCEPTION_ACCESS_VIOLATION (0xc0000005) at pc=0x00007ffc0bb4c290]

VM state:not at safepoint (not fully initialized)

VM Mutex/Monitor currently owned by a thread:  ([mutex/lock_event])
[0x000001af1e861ef0] Heap_lock - owner thread: 0x000001af1e866000

Heap address: 0x0000000082400000, size: 2012 MB, Compressed Oops mode: Non-zero based: 0x0000000082400000
Narrow klass base: 0x0000000000000000, Narrow klass shift: 0

GC Heap History (0 events):
No events

Deoptimization events (0 events):
No events

Classes redefined (0 events):
No events

Internal exceptions (0 events):
No events

Events (0 events):
No events


Dynamic libraries:
0x00007ff6e2910000 - 0x00007ff6e291f000 	C:\Program Files\Java\jdk-11.0.15.1\bin\javaw.exe
0x00007ffcae6a0000 - 0x00007ffcae908000 	C:\WINDOWS\SYSTEM32\ntdll.dll
0x00007ffcad350000 - 0x00007ffcad419000 	C:\WINDOWS\System32\KERNEL32.DLL
0x00007ffcab230000 - 0x00007ffcab621000 	C:\WINDOWS\System32\KERNELBASE.dll
0x00007ffcaaf80000 - 0x00007ffcab0cb000 	C:\WINDOWS\System32\ucrtbase.dll
0x00007ffca5a60000 - 0x00007ffca5a75000 	C:\Program Files\Java\jdk-11.0.15.1\bin\VCRUNTIME140.dll
0x00007ffca4300000 - 0x00007ffca4318000 	C:\Program Files\Java\jdk-11.0.15.1\bin\jli.dll
0x00007ffcadee0000 - 0x00007ffcadf94000 	C:\WINDOWS\System32\ADVAPI32.dll
0x00007ffcac4f0000 - 0x00007ffcac599000 	C:\WINDOWS\System32\msvcrt.dll
0x00007ffcac440000 - 0x00007ffcac4e6000 	C:\WINDOWS\System32\sechost.dll
0x00007ffcac9f0000 - 0x00007ffcacb08000 	C:\WINDOWS\System32\RPCRT4.dll
0x00007ffcad180000 - 0x00007ffcad346000 	C:\WINDOWS\System32\USER32.dll
0x00007ffcab630000 - 0x00007ffcab657000 	C:\WINDOWS\System32\win32u.dll
0x00007ffc97300000 - 0x00007ffc97593000 	C:\WINDOWS\WinSxS\amd64_microsoft.windows.common-controls_6595b64144ccf1df_6.0.26100.7705_none_3e06597ae3363b04\COMCTL32.dll
0x00007ffcad150000 - 0x00007ffcad17b000 	C:\WINDOWS\System32\GDI32.dll
0x00007ffcac1c0000 - 0x00007ffcac2eb000 	C:\WINDOWS\System32\gdi32full.dll
0x00007ffcab180000 - 0x00007ffcab223000 	C:\WINDOWS\System32\msvcp_win.dll
0x00007ffca5360000 - 0x00007ffca536b000 	C:\WINDOWS\SYSTEM32\VERSION.dll
0x00007ffcae520000 - 0x00007ffcae551000 	C:\WINDOWS\System32\IMM32.DLL
0x00007ffc8f350000 - 0x00007ffc8f3eb000 	C:\Program Files\Java\jdk-11.0.15.1\bin\msvcp140.dll
0x00007ffc0b870000 - 0x00007ffc0c386000 	C:\Program Files\Java\jdk-11.0.15.1\bin\server\jvm.dll
0x00007ffcae4a0000 - 0x00007ffcae4a8000 	C:\WINDOWS\System32\PSAPI.DLL
0x00007ffc9abf0000 - 0x00007ffc9ac25000 	C:\WINDOWS\SYSTEM32\WINMM.dll
0x00007ffc83fd0000 - 0x00007ffc83fda000 	C:\WINDOWS\SYSTEM32\WSOCK32.dll
0x00007ffcae5e0000 - 0x00007ffcae654000 	C:\WINDOWS\System32\WS2_32.dll
0x00007ffca9cf0000 - 0x00007ffca9d0b000 	C:\WINDOWS\SYSTEM32\kernel.appcore.dll
0x00007ffca4520000 - 0x00007ffca4530000 	C:\Program Files\Java\jdk-11.0.15.1\bin\verify.dll
0x00007ffca90b0000 - 0x00007ffca92f2000 	C:\WINDOWS\SYSTEM32\DBGHELP.DLL
0x00007ffcac660000 - 0x00007ffcac9e6000 	C:\WINDOWS\System32\combase.dll
0x00007ffcace70000 - 0x00007ffcacf47000 	C:\WINDOWS\System32\OLEAUT32.dll
0x00007ffc91dd0000 - 0x00007ffc91e0b000 	C:\WINDOWS\SYSTEM32\dbgcore.DLL
0x00007ffcab0d0000 - 0x00007ffcab175000 	C:\WINDOWS\System32\bcryptPrimitives.dll
0x00007ffc7a820000 - 0x00007ffc7a848000 	C:\Program Files\Java\jdk-11.0.15.1\bin\java.dll
0x00007ffc87e60000 - 0x00007ffc87e6a000 	C:\Program Files\Java\jdk-11.0.15.1\bin\jimage.dll
0x00007ffc7a800000 - 0x00007ffc7a816000 	C:\Program Files\Java\jdk-11.0.15.1\bin\zip.dll

dbghelp: loaded successfully - version: 4.0.5 - missing functions: none
symbol engine: initialized successfully - sym options: 0x614 - pdb path: .;C:\Program Files\Java\jdk-11.0.15.1\bin;C:\WINDOWS\SYSTEM32;C:\WINDOWS\WinSxS\amd64_microsoft.windows.common-controls_6595b64144ccf1df_6.0.26100.7705_none_3e06597ae3363b04;C:\Program Files\Java\jdk-11.0.15.1\bin\server

VM Arguments:
jvm_args: -Dfile.encoding=Cp1252 
java_command: com.rays.test.TestPerson
java_class_path (initial): C:\Users\DELL\OneDrive\Desktop\Spring-core\spring-core-project\target\classes;C:\Users\DELL\.m2\repository\org\springframework\spring-core\5.1.4.RELEASE\spring-core-5.1.4.RELEASE.jar;C:\Users\DELL\.m2\repository\org\springframework\spring-jcl\5.1.4.RELEASE\spring-jcl-5.1.4.RELEASE.jar;C:\Users\DELL\.m2\repository\org\springframework\spring-context\5.1.4.RELEASE\spring-context-5.1.4.RELEASE.jar;C:\Users\DELL\.m2\repository\org\springframework\spring-aop\5.1.4.RELEASE\spring-aop-5.1.4.RELEASE.jar;C:\Users\DELL\.m2\repository\org\springframework\spring-expression\5.1.4.RELEASE\spring-expression-5.1.4.RELEASE.jar;C:\Users\DELL\.m2\repository\javax\annotation\javax.annotation-api\1.3.2\javax.annotation-api-1.3.2.jar;C:\Users\DELL\.m2\repository\org\springframework\spring-beans\5.1.4.RELEASE\spring-beans-5.1.4.RELEASE.jar
Launcher Type: SUN_STANDARD

[Global flags]
     intx CICompilerCount                          = 4                                         {product} {ergonomic}
     uint ConcGCThreads                            = 2                                         {product} {ergonomic}
     uint G1ConcRefinementThreads                  = 8                                         {product} {ergonomic}
   size_t G1HeapRegionSize                         = 1048576                                   {product} {ergonomic}
    uintx GCDrainStackTargetSize                   = 64                                        {product} {ergonomic}
   size_t InitialHeapSize                          = 132120576                                 {product} {ergonomic}
   size_t MarkStackSize                            = 4194304                                   {product} {ergonomic}
   size_t MaxHeapSize                              = 2109734912                                {product} {ergonomic}
   size_t MinHeapDeltaBytes                        = 1048576                                   {product} {ergonomic}
    uintx NonNMethodCodeHeapSize                   = 5836300                                {pd product} {ergonomic}
    uintx NonProfiledCodeHeapSize                  = 122910970                              {pd product} {ergonomic}
    uintx ProfiledCodeHeapSize                     = 122910970                              {pd product} {ergonomic}
    uintx ReservedCodeCacheSize                    = 251658240                              {pd product} {ergonomic}
     bool SegmentedCodeCache                       = true                                      {product} {ergonomic}
     bool UseCompressedClassPointers               = true                                 {lp64_product} {ergonomic}
     bool UseCompressedOops                        = true                                 {lp64_product} {ergonomic}
     bool UseG1GC                                  = true                                      {product} {ergonomic}
     bool UseLargePagesIndividualAllocation        = false                                  {pd product} {ergonomic}

Logging:
Log output configuration:
 #0: stdout all=warning uptime,level,tags
 #1: stderr all=off uptime,level,tags

Environment Variables:
JAVA_HOME=C:\Program Files\Java\jdk-11.0.15.1
PATH=C:/Program Files/Java/jdk-11.0.15.1/bin/server;C:/Program Files/Java/jdk-11.0.15.1/bin;C:\WINDOWS\system32;C:\WINDOWS;C:\WINDOWS\System32\Wbem;C:\WINDOWS\System32\WindowsPowerShell\v1.0\;C:\WINDOWS\System32\OpenSSH\;C:\Program Files\Git\cmd;C:\Program Files\dotnet\;C:\Program Files\Docker\Docker\resources\bin;C:\Program Files\nodejs\;C:\Program Files\NVIDIA Corporation\NVIDIA App\NvDLISR;C:\Program Files (x86)\NVIDIA Corporation\PhysX\Common;C:\WINDOWS\system32;C:\WINDOWS;C:\WINDOWS\System32\Wbem;C:\WINDOWS\System32\WindowsPowerShell\v1.0\;C:\WINDOWS\System32\OpenSSH\;C:\Program Files\Git\cmd;C:\Program Files\dotnet\;C:\Program Files\Docker\Docker\resources\bin;C:\Program Files\nodejs\;C:\Program Files\NVIDIA Corporation\NVIDIA App\NvDLISR;C:\Program Files (x86)\NVIDIA Corporation\PhysX\Common;C:\Program Files\Java\jdk-11.0.15.1\bin;C:\Users\DELL\AppData\Roaming\npm;C:\Users\DELL\Downloads\eclipse-jee-2019-03-R-win32-x86_64\eclipse;
USERNAME=DELL
OS=Windows_NT
PROCESSOR_IDENTIFIER=Intel64 Family 6 Model 158 Stepping 10, GenuineIntel



---------------  S Y S T E M  ---------------

OS: Windows 11 , 64 bit Build 26100 (10.0.26100.7705)
Hyper-V role detected

CPU:total 8 (initial active 8) (4 cores per cpu, 2 threads per core) family 6 model 158 stepping 10 microcode 0xde, cmov, cx8, fxsr, mmx, sse, sse2, sse3, ssse3, sse4.1, sse4.2, popcnt, avx, avx2, aes, clmul, erms, 3dnowpref, lzcnt, ht, tsc, tscinvbit, bmi1, bmi2, adx, fma

Memory: 4k page, system-wide physical 8044M (1253M free)
TotalPageFile size 32620M (AvailPageFile size 15M)
current process WorkingSet (physical memory assigned to process): 11M, peak: 11M
current process commit charge ("private bytes"): 52M, peak: 53M

vm_info: Java HotSpot(TM) 64-Bit Server VM (11.0.15.1+2-LTS-10) for windows-amd64 JRE (11.0.15.1+2-LTS-10), built on Apr 25 2022 21:51:57 by "mach5one" with MS VC++ 15.9 (VS2017)

END.
